app/build/intermediates/manifest_merge_blame_file/debug/manifest-merger-blame-debug-report.txt
1<?xml version="1.0" encoding="utf-8"?>
2<manifest xmlns:android="http://schemas.android.com/apk/res/android"
3    package="com.example.eventplanner"
4    android:versionCode="1"
5    android:versionName="1.0" >
6
7    <uses-sdk
8        android:minSdkVersion="25"
8-->src\main\AndroidManifest.xml
9        android:targetSdkVersion="30" />
9-->src\main\AndroidManifest.xml
10
11    <application
11-->src\main\AndroidManifest.xml:5:5-31:19
12        android:allowBackup="true"
12-->src\main\AndroidManifest.xml:6:9-35
13        android:appComponentFactory="androidx.core.app.CoreComponentFactory"
13-->[androidx.core:core:1.3.1] AndroidManifest.xml:24:18-86
14        android:debuggable="true"
15        android:extractNativeLibs="false"
16        android:icon="@mipmap/ic_launcher"
16-->src\main\AndroidManifest.xml:7:9-43
17        android:label="@string/app_name"
17-->src\main\AndroidManifest.xml:8:9-41
18        android:roundIcon="@mipmap/ic_launcher_round"
18-->src\main\AndroidManifest.xml:9:9-54
19        android:supportsRtl="true"
19-->src\main\AndroidManifest.xml:10:9-35
20        android:testOnly="true"
21        android:theme="@style/AppTheme" >
21-->src\main\AndroidManifest.xml:11:9-40
22        <activity android:name="com.example.eventplanner.AtoZEventPlanning" />
22-->src\main\AndroidManifest.xml:12:9-64
22-->src\main\AndroidManifest.xml:12:19-52
23        <activity android:name="com.example.eventplanner.CommanQuestion" />
23-->src\main\AndroidManifest.xml:13:9-52
23-->src\main\AndroidManifest.xml:13:19-49
24        <activity android:name="com.example.eventplanner.DetailsAboutEvents" />
24-->src\main\AndroidManifest.xml:14:9-56
24-->src\main\AndroidManifest.xml:14:19-53
25        <activity android:name="com.example.eventplanner.ListofEvents" />
25-->src\main\AndroidManifest.xml:15:9-50
25-->src\main\AndroidManifest.xml:15:19-47
26        <activity android:name="com.example.eventplanner.DataAboutArtist" />
26-->src\main\AndroidManifest.xml:16:9-53
26-->src\main\AndroidManifest.xml:16:19-50
27        <activity android:name="com.example.eventplanner.ArtistList" />
27-->src\main\AndroidManifest.xml:17:9-48
27-->src\main\AndroidManifest.xml:17:19-45
28        <activity android:name="com.example.eventplanner.ProfileUpdate" />
28-->src\main\AndroidManifest.xml:18:9-51
28-->src\main\AndroidManifest.xml:18:19-48
29        <activity android:name="com.example.eventplanner.ForgetPassword" />
29-->src\main\AndroidManifest.xml:19:9-52
29-->src\main\AndroidManifest.xml:19:19-49
30        <activity android:name="com.example.eventplanner.UserMain" />
30-->src\main\AndroidManifest.xml:20:9-46
30-->src\main\AndroidManifest.xml:20:19-43
31        <activity android:name="com.example.eventplanner.Registration" >
31-->src\main\AndroidManifest.xml:21:9-27:20
31-->src\main\AndroidManifest.xml:21:19-47
32            <intent-filter>
32-->src\main\AndroidManifest.xml:22:13-26:29
33                <action android:name="android.intent.action.MAIN" />
33-->src\main\AndroidManifest.xml:23:17-69
33-->src\main\AndroidManifest.xml:23:25-66
34
35                <category android:name="android.intent.category.LAUNCHER" />
35-->src\main\AndroidManifest.xml:25:17-77
35-->src\main\AndroidManifest.xml:25:27-74
36            </intent-filter>
37        </activity>
38        <activity android:name="com.example.eventplanner.Login" />
38-->src\main\AndroidManifest.xml:28:9-43
38-->src\main\AndroidManifest.xml:28:19-40
39        <activity android:name="com.example.eventplanner.SplashScreen" />
39-->src\main\AndroidManifest.xml:29:9-50
39-->src\main\AndroidManifest.xml:29:19-47
40        <activity android:name="com.example.eventplanner.MainActivity" />
40-->src\main\AndroidManifest.xml:30:9-50
40-->src\main\AndroidManifest.xml:30:19-47
41    </application>
42
43</manifest>